<?xml version="1.0" encoding="utf-8" standalone="yes"?>
<Accounts version="2">
    <Group comment="Group 1" name="Group 1">
        <Group comment="Server 1" name="Server 1">
            <Account id="1" type="ssh">
                <Param name="login" value="foo" />
                <Param name="password" value="bar" />
                <Param name="address" value="127.0.0.1:23" />
            </Account>
            <Account id="2" type="telnet">
                <Param name="login" value="foo1" />
                <Param name="password" value="bar1" />
                <!-- 'through' refers to Account 'id'  -->
                <Param name="through" value="1" />
            </Account>
            <Account id="3" type="http">
                <Param name="login" value="foo2" />
                <Param name="password" value="bar2" />
                <Param name="through" value="1" />
                <Param name="url" value="http://127.0.0.1:8080/main" />
            </Account>
        </Group>
        <!-- Accounts are allowed at any level of hierarchy -->
        <Account id="4" type="ssh">
            <Param name="login" value="foo3" />
            <Param name="password" value="bar3" />
            <Param name="address" value="127.0.0.1:2222" />
            <Param name="through" value="1" />
        </Account>
    </Group>
</Accounts>
